This is pdfTeX, Version 3.14159265-2.6-1.40.21 (MiKTeX 20.7) (preloaded format=pdflatex 2020.8.13)  16 AUG 2023 17:38
entering extended mode
**c:/Users/niels/Documents/GitHub/ProgrammingPortfolio/cpp/notes/notes.tex
(c:/Users/niels/Documents/GitHub/ProgrammingPortfolio/cpp/notes/notes.tex
LaTeX2e <2020-02-02> patch level 5
L3 programming layer <2020-08-07> (C:\Users\niels\AppData\Local\Programs\MiKTeX\tex/latex/base\book.cls
Document Class: book 2019/12/20 v1.4l Standard LaTeX document class
(C:\Users\niels\AppData\Local\Programs\MiKTeX\tex/latex/base\bk10.clo
File: bk10.clo 2019/12/20 v1.4l Standard LaTeX file (size option)
)
\c@part=\count168
\c@chapter=\count169
\c@section=\count170
\c@subsection=\count171
\c@subsubsection=\count172
\c@paragraph=\count173
\c@subparagraph=\count174
\c@figure=\count175
\c@table=\count176
\abovecaptionskip=\skip47
\belowcaptionskip=\skip48
\bibindent=\dimen134
) (C:\Users\niels\AppData\Local\Programs\MiKTeX\tex/latex/l3backend\l3backend-pdfmode.def
File: l3backend-pdfmode.def 2020-08-07 L3 backend support: PDF mode
\l__kernel_color_stack_int=\count177
\l__pdf_internal_box=\box45
) (c:/Users\niels\Documents\GitHub\ProgrammingPortfolio\cpp\notes\notes.aux)
\openout1 = `notes.aux'.

LaTeX Font Info:    Checking defaults for OML/cmm/m/it on input line 3.
LaTeX Font Info:    ... okay on input line 3.
LaTeX Font Info:    Checking defaults for OMS/cmsy/m/n on input line 3.
LaTeX Font Info:    ... okay on input line 3.
LaTeX Font Info:    Checking defaults for OT1/cmr/m/n on input line 3.
LaTeX Font Info:    ... okay on input line 3.
LaTeX Font Info:    Checking defaults for T1/cmr/m/n on input line 3.
LaTeX Font Info:    ... okay on input line 3.
LaTeX Font Info:    Checking defaults for TS1/cmr/m/n on input line 3.
LaTeX Font Info:    ... okay on input line 3.
LaTeX Font Info:    Checking defaults for OMX/cmex/m/n on input line 3.
LaTeX Font Info:    ... okay on input line 3.
LaTeX Font Info:    Checking defaults for U/cmr/m/n on input line 3.
LaTeX Font Info:    ... okay on input line 3.
 [1{C:/Users/niels/AppData/Local/MiKTeX/pdftex/config/pdftex.map}

] (c:/Users\niels\Documents\GitHub\ProgrammingPortfolio\cpp\notes\notes.aux) ) 
Here is how much of TeX's memory you used:
 396 strings out of 481212
 7181 string characters out of 2905973
 244955 words of memory out of 3000000
 16062 multiletter control sequences out of 15000+200000
 537294 words of font info for 36 fonts, out of 3000000 for 9000
 1141 hyphenation exceptions out of 8191
 25i,4n,25p,438b,232s stack positions out of 5000i,500n,10000p,200000b,50000s
 <C:\Users\niels\AppData\Local\MiKTeX\fonts/pk/ljfour/jknappen/ec/dpi600\tcrm1000.pk><C:/Users/niels/AppData/Local/Programs/MiKTeX/fonts/type1/public/amsfonts/cm/cmbx10.pfb><C:/Users/niels/AppData/Local/Programs/MiKTeX/fonts/type1/public/amsfonts/cm/cmbx12.pfb><C:/Users/niels/AppData/Local/Programs/MiKTeX/fonts/type1/public/amsfonts/cm/cmr10.pfb><C:/Users/niels/AppData/Local/Programs/MiKTeX/fonts/type1/public/amsfonts/cm/cmsl10.pfb>
Output written on c:/Users\niels\Documents\GitHub\ProgrammingPortfolio\cpp\notes\notes.pdf (1 page, 58772 bytes).
PDF statistics:
 27 PDF objects out of 1000 (max. 8388607)
 0 named destinations out of 1000 (max. 500000)
 1 words of extra memory for PDF output out of 10000 (max. 10000000)

