\BOOKMARK [0][-]{chapter.1}{\376\377\000g\000q\000c\000m\000l\000.\000d\000a\000t\000a\000\137\000g\000e\000n\000e\000r\000a\000t\000o\000r\000s\000\040\000p\000a\000c\000k\000a\000g\000e}{}% 1
\BOOKMARK [1][-]{section.1.1}{\376\377\000S\000u\000b\000m\000o\000d\000u\000l\000e\000s}{chapter.1}% 2
\BOOKMARK [1][-]{section.1.2}{\376\377\000g\000q\000c\000m\000l\000.\000d\000a\000t\000a\000\137\000g\000e\000n\000e\000r\000a\000t\000o\000r\000s\000.\000H\000u\000c\000k\000e\000l\000\040\000m\000o\000d\000u\000l\000e}{chapter.1}% 3
\BOOKMARK [1][-]{section.1.3}{\376\377\000g\000q\000c\000m\000l\000.\000d\000a\000t\000a\000\137\000g\000e\000n\000e\000r\000a\000t\000o\000r\000s\000.\000g\000r\000a\000p\000h\000\137\000s\000a\000m\000p\000l\000e\000r\000\040\000m\000o\000d\000u\000l\000e}{chapter.1}% 4
\BOOKMARK [1][-]{section.1.4}{\376\377\000M\000o\000d\000u\000l\000e\000\040\000c\000o\000n\000t\000e\000n\000t\000s}{chapter.1}% 5
\BOOKMARK [0][-]{chapter.2}{\376\377\000g\000q\000c\000m\000l\000.\000d\000a\000t\000a\000\040\000p\000a\000c\000k\000a\000g\000e}{}% 6
\BOOKMARK [1][-]{section.2.1}{\376\377\000S\000u\000b\000m\000o\000d\000u\000l\000e\000s}{chapter.2}% 7
\BOOKMARK [1][-]{section.2.2}{\376\377\000g\000q\000c\000m\000l\000.\000d\000a\000t\000a\000.\000D\000a\000t\000a\000\040\000m\000o\000d\000u\000l\000e}{chapter.2}% 8
\BOOKMARK [1][-]{section.2.3}{\376\377\000M\000o\000d\000u\000l\000e\000\040\000c\000o\000n\000t\000e\000n\000t\000s}{chapter.2}% 9
\BOOKMARK [0][-]{chapter.3}{\376\377\000g\000q\000c\000m\000l\000.\000d\000a\000t\000a\000s\000e\000t\000s\000\040\000p\000a\000c\000k\000a\000g\000e}{}% 10
\BOOKMARK [1][-]{section.3.1}{\376\377\000S\000u\000b\000m\000o\000d\000u\000l\000e\000s}{chapter.3}% 11
\BOOKMARK [1][-]{section.3.2}{\376\377\000g\000q\000c\000m\000l\000.\000d\000a\000t\000a\000s\000e\000t\000s\000.\000D\000a\000t\000a\000s\000e\000t\000s\000\040\000m\000o\000d\000u\000l\000e}{chapter.3}% 12
\BOOKMARK [1][-]{section.3.3}{\376\377\000M\000o\000d\000u\000l\000e\000\040\000c\000o\000n\000t\000e\000n\000t\000s}{chapter.3}% 13
\BOOKMARK [0][-]{chapter.4}{\376\377\000g\000q\000c\000m\000l\000.\000n\000n\000\040\000p\000a\000c\000k\000a\000g\000e}{}% 14
\BOOKMARK [1][-]{section.4.1}{\376\377\000S\000u\000b\000m\000o\000d\000u\000l\000e\000s}{chapter.4}% 15
\BOOKMARK [1][-]{section.4.2}{\376\377\000g\000q\000c\000m\000l\000.\000n\000n\000.\000b\000l\000o\000c\000k\000s\000\040\000m\000o\000d\000u\000l\000e}{chapter.4}% 16
\BOOKMARK [1][-]{section.4.3}{\376\377\000g\000q\000c\000m\000l\000.\000n\000n\000.\000l\000a\000y\000e\000r\000s\000\040\000m\000o\000d\000u\000l\000e}{chapter.4}% 17
\BOOKMARK [1][-]{section.4.4}{\376\377\000g\000q\000c\000m\000l\000.\000n\000n\000.\000m\000o\000d\000e\000l\000s\000\040\000m\000o\000d\000u\000l\000e}{chapter.4}% 18
\BOOKMARK [1][-]{section.4.5}{\376\377\000g\000q\000c\000m\000l\000.\000n\000n\000.\000m\000o\000d\000e\000l\000s\000\137\000t\000e\000s\000t\000\040\000m\000o\000d\000u\000l\000e}{chapter.4}% 19
\BOOKMARK [1][-]{section.4.6}{\376\377\000M\000o\000d\000u\000l\000e\000\040\000c\000o\000n\000t\000e\000n\000t\000s}{chapter.4}% 20
\BOOKMARK [0][-]{chapter.5}{\376\377\000g\000q\000c\000m\000l\000.\000t\000o\000r\000c\000h\000g\000e\000o\000m\000\137\000i\000n\000t\000e\000r\000f\000a\000c\000e\000\040\000p\000a\000c\000k\000a\000g\000e}{}% 21
\BOOKMARK [1][-]{section.5.1}{\376\377\000S\000u\000b\000m\000o\000d\000u\000l\000e\000s}{chapter.5}% 22
\BOOKMARK [1][-]{section.5.2}{\376\377\000g\000q\000c\000m\000l\000.\000t\000o\000r\000c\000h\000g\000e\000o\000m\000\137\000i\000n\000t\000e\000r\000f\000a\000c\000e\000.\000a\000u\000t\000o\000\137\000e\000n\000c\000o\000d\000e\000r\000\040\000m\000o\000d\000u\000l\000e}{chapter.5}% 23
\BOOKMARK [1][-]{section.5.3}{\376\377\000g\000q\000c\000m\000l\000.\000t\000o\000r\000c\000h\000g\000e\000o\000m\000\137\000i\000n\000t\000e\000r\000f\000a\000c\000e\000.\000b\000l\000o\000c\000k\000s\000\040\000m\000o\000d\000u\000l\000e}{chapter.5}% 24
\BOOKMARK [1][-]{section.5.4}{\376\377\000g\000q\000c\000m\000l\000.\000t\000o\000r\000c\000h\000g\000e\000o\000m\000\137\000i\000n\000t\000e\000r\000f\000a\000c\000e\000.\000d\000a\000t\000a\000s\000e\000t\000s\000\040\000m\000o\000d\000u\000l\000e}{chapter.5}% 25
\BOOKMARK [1][-]{section.5.5}{\376\377\000g\000q\000c\000m\000l\000.\000t\000o\000r\000c\000h\000g\000e\000o\000m\000\137\000i\000n\000t\000e\000r\000f\000a\000c\000e\000.\000m\000o\000d\000e\000l\000s\000\040\000m\000o\000d\000u\000l\000e}{chapter.5}% 26
\BOOKMARK [1][-]{section.5.6}{\376\377\000g\000q\000c\000m\000l\000.\000t\000o\000r\000c\000h\000g\000e\000o\000m\000\137\000i\000n\000t\000e\000r\000f\000a\000c\000e\000.\000m\000o\000d\000e\000l\000s\000\137\0003\000\040\000m\000o\000d\000u\000l\000e}{chapter.5}% 27
\BOOKMARK [1][-]{section.5.7}{\376\377\000g\000q\000c\000m\000l\000.\000t\000o\000r\000c\000h\000g\000e\000o\000m\000\137\000i\000n\000t\000e\000r\000f\000a\000c\000e\000.\000u\000t\000i\000l\000s\000\040\000m\000o\000d\000u\000l\000e}{chapter.5}% 28
\BOOKMARK [1][-]{section.5.8}{\376\377\000M\000o\000d\000u\000l\000e\000\040\000c\000o\000n\000t\000e\000n\000t\000s}{chapter.5}% 29
\BOOKMARK [0][-]{chapter.6}{\376\377\000g\000q\000c\000m\000l\000.\000u\000t\000i\000l\000s\000\040\000p\000a\000c\000k\000a\000g\000e}{}% 30
\BOOKMARK [1][-]{section.6.1}{\376\377\000S\000u\000b\000m\000o\000d\000u\000l\000e\000s}{chapter.6}% 31
\BOOKMARK [1][-]{section.6.2}{\376\377\000g\000q\000c\000m\000l\000.\000u\000t\000i\000l\000s\000.\000t\000e\000s\000t\000\040\000m\000o\000d\000u\000l\000e}{chapter.6}% 32
\BOOKMARK [1][-]{section.6.3}{\376\377\000g\000q\000c\000m\000l\000.\000u\000t\000i\000l\000s\000.\000t\000r\000a\000i\000n\000\040\000m\000o\000d\000u\000l\000e}{chapter.6}% 33
\BOOKMARK [1][-]{section.6.4}{\376\377\000M\000o\000d\000u\000l\000e\000\040\000c\000o\000n\000t\000e\000n\000t\000s}{chapter.6}% 34
\BOOKMARK [0][-]{chapter.7}{\376\377\000I\000n\000d\000i\000c\000e\000s\000\040\000a\000n\000d\000\040\000t\000a\000b\000l\000e\000s}{}% 35
\BOOKMARK [0][-]{section*.94}{\376\377\000P\000y\000t\000h\000o\000n\000\040\000M\000o\000d\000u\000l\000e\000\040\000I\000n\000d\000e\000x}{}% 36
